# JRE version: OpenJDK Runtime Environment (11.0.8+10) (build 11.0.8+10-b944.6842174)
# Java VM: OpenJDK 64-Bit Server VM (11.0.8+10-b944.6842174, mixed mode, tiered, compressed oops, g1 gc, windows-amd64)
Heap:
 garbage-first heap   total 260096K, used 128666K [0x0000000080000000, 0x0000000100000000)
  region size 1024K, 25 young (25600K), 10 survivors (10240K)
 Metaspace       used 103367K, capacity 106480K, committed 106768K, reserved 1142784K
  class space    used 13076K, capacity 14141K, committed 14200K, reserved 1048576K
GC Heap History (20 events):
Event: 13.716 GC heap before
{Heap before GC invocations=8 (full 0):
 garbage-first heap   total 260096K, used 73596K [0x0000000080000000, 0x0000000100000000)
  region size 1024K, 30 young (30720K), 18 survivors (18432K)
 Metaspace       used 58431K, capacity 60076K, committed 60236K, reserved 1101824K
  class space    used 7393K, capacity 7912K, committed 8012K, reserved 1048576K
}
Event: 13.756 GC heap after
{Heap after GC invocations=9 (full 0):
 garbage-first heap   total 260096K, used 63692K [0x0000000080000000, 0x0000000100000000)
  region size 1024K, 2 young (2048K), 2 survivors (2048K)
 Metaspace       used 58431K, capacity 60076K, committed 60236K, reserved 1101824K
  class space    used 7393K, capacity 7912K, committed 8012K, reserved 1048576K
}
Event: 16.130 GC heap before
{Heap before GC invocations=10 (full 0):
 garbage-first heap   total 260096K, used 197836K [0x0000000080000000, 0x0000000100000000)
  region size 1024K, 133 young (136192K), 2 survivors (2048K)
 Metaspace       used 69685K, capacity 71501K, committed 71628K, reserved 1112064K
  class space    used 8968K, capacity 9571K, committed 9676K, reserved 1048576K
}
Event: 16.140 GC heap after
{Heap after GC invocations=11 (full 0):
 garbage-first heap   total 260096K, used 73039K [0x0000000080000000, 0x0000000100000000)
  region size 1024K, 12 young (12288K), 12 survivors (12288K)
 Metaspace       used 69685K, capacity 71501K, committed 71628K, reserved 1112064K
  class space    used 8968K, capacity 9571K, committed 9676K, reserved 1048576K
}
Event: 18.157 GC heap before
{Heap before GC invocations=11 (full 0):
 garbage-first heap   total 260096K, used 198991K [0x0000000080000000, 0x0000000100000000)
  region size 1024K, 135 young (138240K), 12 survivors (12288K)
 Metaspace       used 77994K, capacity 80059K, committed 80204K, reserved 1118208K
  class space    used 10103K, capacity 10752K, committed 10828K, reserved 1048576K
}
Event: 18.173 GC heap after
{Heap after GC invocations=12 (full 0):
 garbage-first heap   total 260096K, used 81351K [0x0000000080000000, 0x0000000100000000)
  region size 1024K, 9 young (9216K), 9 survivors (9216K)
 Metaspace       used 77994K, capacity 80059K, committed 80204K, reserved 1118208K
  class space    used 10103K, capacity 10752K, committed 10828K, reserved 1048576K
}
Event: 20.763 GC heap before
{Heap before GC invocations=12 (full 0):
 garbage-first heap   total 260096K, used 203207K [0x0000000080000000, 0x0000000100000000)
  region size 1024K, 128 young (131072K), 9 survivors (9216K)
 Metaspace       used 90363K, capacity 92751K, committed 93004K, reserved 1130496K
  class space    used 11692K, capacity 12516K, committed 12620K, reserved 1048576K
}
Event: 20.776 GC heap after
{Heap after GC invocations=13 (full 0):
 garbage-first heap   total 260096K, used 87918K [0x0000000080000000, 0x0000000100000000)
  region size 1024K, 15 young (15360K), 15 survivors (15360K)
 Metaspace       used 90363K, capacity 92751K, committed 93004K, reserved 1130496K
  class space    used 11692K, capacity 12516K, committed 12620K, reserved 1048576K
}
Event: 22.006 GC heap before
{Heap before GC invocations=13 (full 0):
 garbage-first heap   total 260096K, used 205678K [0x0000000080000000, 0x0000000100000000)
  region size 1024K, 131 young (134144K), 15 survivors (15360K)
 Metaspace       used 92305K, capacity 94838K, committed 95052K, reserved 1132544K
  class space    used 11941K, capacity 12856K, committed 12876K, reserved 1048576K
}
Event: 22.023 GC heap after
{Heap after GC invocations=14 (full 0):
 garbage-first heap   total 260096K, used 94345K [0x0000000080000000, 0x0000000100000000)
  region size 1024K, 14 young (14336K), 14 survivors (14336K)
 Metaspace       used 92305K, capacity 94838K, committed 95052K, reserved 1132544K
  class space    used 11941K, capacity 12856K, committed 12876K, reserved 1048576K
}
Event: 23.111 GC heap before
{Heap before GC invocations=14 (full 0):
 garbage-first heap   total 260096K, used 153737K [0x0000000080000000, 0x0000000100000000)
  region size 1024K, 73 young (74752K), 14 survivors (14336K)
 Metaspace       used 97987K, capacity 100924K, committed 101036K, reserved 1136640K
  class space    used 12617K, capacity 13668K, committed 13740K, reserved 1048576K
}
Event: 23.125 GC heap after
{Heap after GC invocations=15 (full 0):
 garbage-first heap   total 260096K, used 97382K [0x0000000080000000, 0x0000000100000000)
  region size 1024K, 10 young (10240K), 10 survivors (10240K)
 Metaspace       used 97987K, capacity 100924K, committed 101036K, reserved 1136640K
  class space    used 12617K, capacity 13668K, committed 13740K, reserved 1048576K
}
Event: 32.196 GC heap before
{Heap before GC invocations=16 (full 0):
 garbage-first heap   total 260096K, used 204902K [0x0000000080000000, 0x0000000100000000)
  region size 1024K, 116 young (118784K), 10 survivors (10240K)
 Metaspace       used 101724K, capacity 104749K, committed 105104K, reserved 1140736K
  class space    used 12928K, capacity 13969K, committed 14072K, reserved 1048576K
}
Event: 32.214 GC heap after
{Heap after GC invocations=17 (full 0):
 garbage-first heap   total 260096K, used 105085K [0x0000000080000000, 0x0000000100000000)
  region size 1024K, 12 young (12288K), 12 survivors (12288K)
 Metaspace       used 101724K, capacity 104749K, committed 105104K, reserved 1140736K
  class space    used 12928K, capacity 13969K, committed 14072K, reserved 1048576K
}
Event: 32.998 GC heap before
{Heap before GC invocations=18 (full 0):
 garbage-first heap   total 260096K, used 207485K [0x0000000080000000, 0x0000000100000000)
  region size 1024K, 114 young (116736K), 12 survivors (12288K)
 Metaspace       used 103029K, capacity 106113K, committed 106256K, reserved 1140736K
  class space    used 13052K, capacity 14107K, committed 14200K, reserved 1048576K
}
Event: 33.013 GC heap after
{Heap after GC invocations=19 (full 0):
 garbage-first heap   total 260096K, used 110417K [0x0000000080000000, 0x0000000100000000)
  region size 1024K, 14 young (14336K), 14 survivors (14336K)
 Metaspace       used 103029K, capacity 106113K, committed 106256K, reserved 1140736K
  class space    used 13052K, capacity 14107K, committed 14200K, reserved 1048576K
}
Event: 33.765 GC heap before
{Heap before GC invocations=19 (full 0):
 garbage-first heap   total 260096K, used 209745K [0x0000000080000000, 0x0000000100000000)
  region size 1024K, 112 young (114688K), 14 survivors (14336K)
 Metaspace       used 103362K, capacity 106480K, committed 106768K, reserved 1142784K
  class space    used 13076K, capacity 14141K, committed 14200K, reserved 1048576K
}
Event: 33.776 GC heap after
{Heap after GC invocations=20 (full 0):
 garbage-first heap   total 260096K, used 111970K [0x0000000080000000, 0x0000000100000000)
  region size 1024K, 8 young (8192K), 8 survivors (8192K)
 Metaspace       used 103362K, capacity 106480K, committed 106768K, reserved 1142784K
  class space    used 13076K, capacity 14141K, committed 14200K, reserved 1048576K
}
Event: 34.538 GC heap before
{Heap before GC invocations=20 (full 0):
 garbage-first heap   total 260096K, used 214370K [0x0000000080000000, 0x0000000100000000)
  region size 1024K, 108 young (110592K), 8 survivors (8192K)
 Metaspace       used 103365K, capacity 106480K, committed 106768K, reserved 1142784K
  class space    used 13076K, capacity 14141K, committed 14200K, reserved 1048576K
}
Event: 34.545 GC heap after
{Heap after GC invocations=21 (full 0):
 garbage-first heap   total 260096K, used 114330K [0x0000000080000000, 0x0000000100000000)
  region size 1024K, 10 young (10240K), 10 survivors (10240K)
 Metaspace       used 103365K, capacity 106480K, committed 106768K, reserved 1142784K
  class space    used 13076K, capacity 14141K, committed 14200K, reserved 1048576K
}

