# JRE version: OpenJDK Runtime Environment (11.0.8+10) (build 11.0.8+10-b944.6842174)
# Java VM: OpenJDK 64-Bit Server VM (11.0.8+10-b944.6842174, mixed mode, tiered, compressed oops, g1 gc, windows-amd64)
Heap:
 garbage-first heap   total 474112K, used 247644K [0x0000000080000000, 0x0000000100000000)
  region size 1024K, 3 young (3072K), 3 survivors (3072K)
 Metaspace       used 86704K, capacity 88816K, committed 89344K, reserved 1126400K
  class space    used 11358K, capacity 12134K, committed 12288K, reserved 1048576K
GC Heap History (20 events):
Event: 18.578 GC heap after
{Heap after GC invocations=15 (full 0):
 garbage-first heap   total 260096K, used 76717K [0x0000000080000000, 0x0000000100000000)
  region size 1024K, 12 young (12288K), 12 survivors (12288K)
 Metaspace       used 78707K, capacity 80842K, committed 81024K, reserved 1120256K
  class space    used 10260K, capacity 11049K, committed 11136K, reserved 1048576K
}
Event: 18.949 GC heap before
{Heap before GC invocations=15 (full 0):
 garbage-first heap   total 260096K, used 183213K [0x0000000080000000, 0x0000000100000000)
  region size 1024K, 117 young (119808K), 12 survivors (12288K)
 Metaspace       used 80428K, capacity 82653K, committed 82816K, reserved 1120256K
  class space    used 10498K, capacity 11289K, committed 11392K, reserved 1048576K
}
Event: 18.961 GC heap after
{Heap after GC invocations=16 (full 0):
 garbage-first heap   total 260096K, used 80264K [0x0000000080000000, 0x0000000100000000)
  region size 1024K, 10 young (10240K), 10 survivors (10240K)
 Metaspace       used 80428K, capacity 82653K, committed 82816K, reserved 1120256K
  class space    used 10498K, capacity 11289K, committed 11392K, reserved 1048576K
}
Event: 19.384 GC heap before
{Heap before GC invocations=16 (full 0):
 garbage-first heap   total 260096K, used 189832K [0x0000000080000000, 0x0000000100000000)
  region size 1024K, 118 young (120832K), 10 survivors (10240K)
 Metaspace       used 81923K, capacity 84143K, committed 84224K, reserved 1122304K
  class space    used 10667K, capacity 11487K, committed 11520K, reserved 1048576K
}
Event: 19.396 GC heap after
{Heap after GC invocations=17 (full 0):
 garbage-first heap   total 260096K, used 84525K [0x0000000080000000, 0x0000000100000000)
  region size 1024K, 9 young (9216K), 9 survivors (9216K)
 Metaspace       used 81923K, capacity 84143K, committed 84224K, reserved 1122304K
  class space    used 10667K, capacity 11487K, committed 11520K, reserved 1048576K
}
Event: 19.888 GC heap before
{Heap before GC invocations=17 (full 0):
 garbage-first heap   total 260096K, used 163373K [0x0000000080000000, 0x0000000100000000)
  region size 1024K, 48 young (49152K), 9 survivors (9216K)
 Metaspace       used 84695K, capacity 86933K, committed 87168K, reserved 1124352K
  class space    used 11049K, capacity 11886K, committed 11904K, reserved 1048576K
}
Event: 19.902 GC heap after
{Heap after GC invocations=18 (full 0):
 garbage-first heap   total 260096K, used 133384K [0x0000000080000000, 0x0000000100000000)
  region size 1024K, 15 young (15360K), 15 survivors (15360K)
 Metaspace       used 84695K, capacity 86933K, committed 87168K, reserved 1124352K
  class space    used 11049K, capacity 11886K, committed 11904K, reserved 1048576K
}
Event: 20.286 GC heap before
{Heap before GC invocations=19 (full 0):
 garbage-first heap   total 260096K, used 209160K [0x0000000080000000, 0x0000000100000000)
  region size 1024K, 62 young (63488K), 15 survivors (15360K)
 Metaspace       used 84658K, capacity 86624K, committed 87552K, reserved 1124352K
  class space    used 10976K, capacity 11720K, committed 12032K, reserved 1048576K
}
Event: 20.360 GC heap after
{Heap after GC invocations=20 (full 0):
 garbage-first heap   total 260096K, used 168143K [0x0000000080000000, 0x0000000100000000)
  region size 1024K, 11 young (11264K), 11 survivors (11264K)
 Metaspace       used 84658K, capacity 86624K, committed 87552K, reserved 1124352K
  class space    used 10976K, capacity 11720K, committed 12032K, reserved 1048576K
}
Event: 20.650 GC heap before
{Heap before GC invocations=21 (full 0):
 garbage-first heap   total 260096K, used 206031K [0x0000000080000000, 0x0000000100000000)
  region size 1024K, 47 young (48128K), 11 survivors (11264K)
 Metaspace       used 84658K, capacity 86624K, committed 87552K, reserved 1124352K
  class space    used 10976K, capacity 11720K, committed 12032K, reserved 1048576K
}
Event: 20.679 GC heap after
{Heap after GC invocations=22 (full 0):
 garbage-first heap   total 260096K, used 183570K [0x0000000080000000, 0x0000000100000000)
  region size 1024K, 6 young (6144K), 6 survivors (6144K)
 Metaspace       used 84658K, capacity 86624K, committed 87552K, reserved 1124352K
  class space    used 10976K, capacity 11720K, committed 12032K, reserved 1048576K
}
Event: 20.709 GC heap before
{Heap before GC invocations=22 (full 0):
 garbage-first heap   total 260096K, used 185618K [0x0000000080000000, 0x0000000100000000)
  region size 1024K, 9 young (9216K), 6 survivors (6144K)
 Metaspace       used 84658K, capacity 86624K, committed 87552K, reserved 1124352K
  class space    used 10976K, capacity 11720K, committed 12032K, reserved 1048576K
}
Event: 20.727 GC heap after
{Heap after GC invocations=23 (full 0):
 garbage-first heap   total 312320K, used 186231K [0x0000000080000000, 0x0000000100000000)
  region size 1024K, 2 young (2048K), 2 survivors (2048K)
 Metaspace       used 84658K, capacity 86624K, committed 87552K, reserved 1124352K
  class space    used 10976K, capacity 11720K, committed 12032K, reserved 1048576K
}
Event: 21.020 GC heap before
{Heap before GC invocations=23 (full 0):
 garbage-first heap   total 312320K, used 228215K [0x0000000080000000, 0x0000000100000000)
  region size 1024K, 39 young (39936K), 2 survivors (2048K)
 Metaspace       used 84658K, capacity 86624K, committed 87552K, reserved 1124352K
  class space    used 10976K, capacity 11720K, committed 12032K, reserved 1048576K
}
Event: 21.064 GC heap after
{Heap after GC invocations=24 (full 0):
 garbage-first heap   total 312320K, used 207776K [0x0000000080000000, 0x0000000100000000)
  region size 1024K, 5 young (5120K), 5 survivors (5120K)
 Metaspace       used 84658K, capacity 86624K, committed 87552K, reserved 1124352K
  class space    used 10976K, capacity 11720K, committed 12032K, reserved 1048576K
}
Event: 21.342 GC heap before
{Heap before GC invocations=25 (full 0):
 garbage-first heap   total 312320K, used 237472K [0x0000000080000000, 0x0000000100000000)
  region size 1024K, 35 young (35840K), 5 survivors (5120K)
 Metaspace       used 86644K, capacity 88747K, committed 89344K, reserved 1126400K
  class space    used 11357K, capacity 12134K, committed 12288K, reserved 1048576K
}
Event: 21.374 GC heap after
{Heap after GC invocations=26 (full 0):
 garbage-first heap   total 312320K, used 220224K [0x0000000080000000, 0x0000000100000000)
  region size 1024K, 5 young (5120K), 5 survivors (5120K)
 Metaspace       used 86644K, capacity 88747K, committed 89344K, reserved 1126400K
  class space    used 11357K, capacity 12134K, committed 12288K, reserved 1048576K
}
Event: 21.496 GC heap before
{Heap before GC invocations=26 (full 0):
 garbage-first heap   total 312320K, used 246848K [0x0000000080000000, 0x0000000100000000)
  region size 1024K, 31 young (31744K), 5 survivors (5120K)
 Metaspace       used 86687K, capacity 88749K, committed 89344K, reserved 1126400K
  class space    used 11357K, capacity 12134K, committed 12288K, reserved 1048576K
}
Event: 21.522 GC heap after
{Heap after GC invocations=27 (full 0):
 garbage-first heap   total 312320K, used 235745K [0x0000000080000000, 0x0000000100000000)
  region size 1024K, 4 young (4096K), 4 survivors (4096K)
 Metaspace       used 86687K, capacity 88749K, committed 89344K, reserved 1126400K
  class space    used 11357K, capacity 12134K, committed 12288K, reserved 1048576K
}
Event: 21.608 GC heap before
{Heap before GC invocations=27 (full 0):
 garbage-first heap   total 312320K, used 254177K [0x0000000080000000, 0x0000000100000000)
  region size 1024K, 23 young (23552K), 4 survivors (4096K)
 Metaspace       used 86704K, capacity 88816K, committed 89344K, reserved 1126400K
  class space    used 11358K, capacity 12134K, committed 12288K, reserved 1048576K
}

