# JRE version: OpenJDK Runtime Environment (11.0.8+10) (build 11.0.8+10-b944.6842174)
# Java VM: OpenJDK 64-Bit Server VM (11.0.8+10-b944.6842174, mixed mode, tiered, compressed oops, g1 gc, windows-amd64)
Heap:
 garbage-first heap   total 260096K, used 125217K [0x0000000080000000, 0x0000000100000000)
  region size 1024K, 106 young (108544K), 11 survivors (11264K)
 Metaspace       used 52854K, capacity 54105K, committed 54400K, reserved 1095680K
  class space    used 6721K, capacity 7193K, committed 7296K, reserved 1048576K
GC Heap History (10 events):
Event: 1.416 GC heap before
{Heap before GC invocations=0 (full 0):
 garbage-first heap   total 260096K, used 29696K [0x0000000080000000, 0x0000000100000000)
  region size 1024K, 24 young (24576K), 0 survivors (0K)
 Metaspace       used 10388K, capacity 10580K, committed 10752K, reserved 1058816K
  class space    used 1098K, capacity 1164K, committed 1280K, reserved 1048576K
}
Event: 1.422 GC heap after
{Heap after GC invocations=1 (full 0):
 garbage-first heap   total 260096K, used 8569K [0x0000000080000000, 0x0000000100000000)
  region size 1024K, 3 young (3072K), 3 survivors (3072K)
 Metaspace       used 10388K, capacity 10580K, committed 10752K, reserved 1058816K
  class space    used 1098K, capacity 1164K, committed 1280K, reserved 1048576K
}
Event: 5.220 GC heap before
{Heap before GC invocations=1 (full 0):
 garbage-first heap   total 260096K, used 92537K [0x0000000080000000, 0x0000000100000000)
  region size 1024K, 87 young (89088K), 3 survivors (3072K)
 Metaspace       used 20623K, capacity 21109K, committed 21248K, reserved 1067008K
  class space    used 2532K, capacity 2710K, committed 2816K, reserved 1048576K
}
Event: 5.234 GC heap after
{Heap after GC invocations=2 (full 0):
 garbage-first heap   total 260096K, used 16149K [0x0000000080000000, 0x0000000100000000)
  region size 1024K, 11 young (11264K), 11 survivors (11264K)
 Metaspace       used 20623K, capacity 21109K, committed 21248K, reserved 1067008K
  class space    used 2532K, capacity 2710K, committed 2816K, reserved 1048576K
}
Event: 5.623 GC heap before
{Heap before GC invocations=3 (full 0):
 garbage-first heap   total 260096K, used 36629K [0x0000000080000000, 0x0000000100000000)
  region size 1024K, 31 young (31744K), 11 survivors (11264K)
 Metaspace       used 22488K, capacity 23032K, committed 23168K, reserved 1069056K
  class space    used 2884K, capacity 3076K, committed 3200K, reserved 1048576K
}
Event: 5.631 GC heap after
{Heap after GC invocations=4 (full 0):
 garbage-first heap   total 260096K, used 17433K [0x0000000080000000, 0x0000000100000000)
  region size 1024K, 2 young (2048K), 2 survivors (2048K)
 Metaspace       used 22488K, capacity 23032K, committed 23168K, reserved 1069056K
  class space    used 2884K, capacity 3076K, committed 3200K, reserved 1048576K
}
Event: 7.506 GC heap before
{Heap before GC invocations=4 (full 0):
 garbage-first heap   total 260096K, used 94233K [0x0000000080000000, 0x0000000100000000)
  region size 1024K, 79 young (80896K), 2 survivors (2048K)
 Metaspace       used 35082K, capacity 35741K, committed 35840K, reserved 1081344K
  class space    used 4563K, capacity 4824K, committed 4864K, reserved 1048576K
}
Event: 7.521 GC heap after
{Heap after GC invocations=5 (full 0):
 garbage-first heap   total 260096K, used 21459K [0x0000000080000000, 0x0000000100000000)
  region size 1024K, 6 young (6144K), 6 survivors (6144K)
 Metaspace       used 35082K, capacity 35741K, committed 35840K, reserved 1081344K
  class space    used 4563K, capacity 4824K, committed 4864K, reserved 1048576K
}
Event: 9.773 GC heap before
{Heap before GC invocations=6 (full 0):
 garbage-first heap   total 260096K, used 128979K [0x0000000080000000, 0x0000000100000000)
  region size 1024K, 108 young (110592K), 6 survivors (6144K)
 Metaspace       used 44093K, capacity 45132K, committed 45312K, reserved 1089536K
  class space    used 5669K, capacity 6034K, committed 6144K, reserved 1048576K
}
Event: 9.784 GC heap after
{Heap after GC invocations=7 (full 0):
 garbage-first heap   total 260096K, used 26913K [0x0000000080000000, 0x0000000100000000)
  region size 1024K, 11 young (11264K), 11 survivors (11264K)
 Metaspace       used 44093K, capacity 45132K, committed 45312K, reserved 1089536K
  class space    used 5669K, capacity 6034K, committed 6144K, reserved 1048576K
}

