# JRE version: OpenJDK Runtime Environment (11.0.8+10) (build 11.0.8+10-b944.6842174)
# Java VM: OpenJDK 64-Bit Server VM (11.0.8+10-b944.6842174, mixed mode, tiered, compressed oops, g1 gc, windows-amd64)
Heap:
 garbage-first heap   total 459776K, used 337135K [0x0000000080000000, 0x0000000100000000)
  region size 1024K, 186 young (190464K), 18 survivors (18432K)
 Metaspace       used 97490K, capacity 99912K, committed 100172K, reserved 1136640K
  class space    used 12364K, capacity 13221K, committed 13388K, reserved 1048576K
GC Heap History (20 events):
Event: 26.902 GC heap before
{Heap before GC invocations=38 (full 0):
 garbage-first heap   total 325632K, used 267966K [0x0000000080000000, 0x0000000100000000)
  region size 1024K, 129 young (132096K), 6 survivors (6144K)
 Metaspace       used 95783K, capacity 98009K, committed 98764K, reserved 1134592K
  class space    used 12181K, capacity 12999K, committed 13260K, reserved 1048576K
}
Event: 26.909 GC heap after
{Heap after GC invocations=39 (full 0):
 garbage-first heap   total 325632K, used 140710K [0x0000000080000000, 0x0000000100000000)
  region size 1024K, 4 young (4096K), 4 survivors (4096K)
 Metaspace       used 95783K, capacity 98009K, committed 98764K, reserved 1134592K
  class space    used 12181K, capacity 12999K, committed 13260K, reserved 1048576K
}
Event: 27.251 GC heap before
{Heap before GC invocations=39 (full 0):
 garbage-first heap   total 325632K, used 270758K [0x0000000080000000, 0x0000000100000000)
  region size 1024K, 131 young (134144K), 4 survivors (4096K)
 Metaspace       used 95801K, capacity 98075K, committed 98764K, reserved 1134592K
  class space    used 12182K, capacity 12999K, committed 13260K, reserved 1048576K
}
Event: 27.258 GC heap after
{Heap after GC invocations=40 (full 0):
 garbage-first heap   total 325632K, used 142002K [0x0000000080000000, 0x0000000100000000)
  region size 1024K, 5 young (5120K), 5 survivors (5120K)
 Metaspace       used 95801K, capacity 98075K, committed 98764K, reserved 1134592K
  class space    used 12182K, capacity 12999K, committed 13260K, reserved 1048576K
}
Event: 27.632 GC heap before
{Heap before GC invocations=40 (full 0):
 garbage-first heap   total 325632K, used 274098K [0x0000000080000000, 0x0000000100000000)
  region size 1024K, 134 young (137216K), 5 survivors (5120K)
 Metaspace       used 95818K, capacity 98076K, committed 98764K, reserved 1134592K
  class space    used 12182K, capacity 12999K, committed 13260K, reserved 1048576K
}
Event: 27.639 GC heap after
{Heap after GC invocations=41 (full 0):
 garbage-first heap   total 325632K, used 143643K [0x0000000080000000, 0x0000000100000000)
  region size 1024K, 7 young (7168K), 7 survivors (7168K)
 Metaspace       used 95818K, capacity 98076K, committed 98764K, reserved 1134592K
  class space    used 12182K, capacity 12999K, committed 13260K, reserved 1048576K
}
Event: 28.057 GC heap before
{Heap before GC invocations=41 (full 0):
 garbage-first heap   total 325632K, used 275739K [0x0000000080000000, 0x0000000100000000)
  region size 1024K, 136 young (139264K), 7 survivors (7168K)
 Metaspace       used 95827K, capacity 98076K, committed 98764K, reserved 1134592K
  class space    used 12182K, capacity 12999K, committed 13260K, reserved 1048576K
}
Event: 28.066 GC heap after
{Heap after GC invocations=42 (full 0):
 garbage-first heap   total 325632K, used 145354K [0x0000000080000000, 0x0000000100000000)
  region size 1024K, 8 young (8192K), 8 survivors (8192K)
 Metaspace       used 95827K, capacity 98076K, committed 98764K, reserved 1134592K
  class space    used 12182K, capacity 12999K, committed 13260K, reserved 1048576K
}
Event: 28.537 GC heap before
{Heap before GC invocations=42 (full 0):
 garbage-first heap   total 325632K, used 277450K [0x0000000080000000, 0x0000000100000000)
  region size 1024K, 138 young (141312K), 8 survivors (8192K)
 Metaspace       used 95831K, capacity 98076K, committed 98764K, reserved 1134592K
  class space    used 12182K, capacity 12999K, committed 13260K, reserved 1048576K
}
Event: 28.548 GC heap after
{Heap after GC invocations=43 (full 0):
 garbage-first heap   total 325632K, used 147237K [0x0000000080000000, 0x0000000100000000)
  region size 1024K, 10 young (10240K), 10 survivors (10240K)
 Metaspace       used 95831K, capacity 98076K, committed 98764K, reserved 1134592K
  class space    used 12182K, capacity 12999K, committed 13260K, reserved 1048576K
}
Event: 28.962 GC heap before
{Heap before GC invocations=43 (full 0):
 garbage-first heap   total 325632K, used 280357K [0x0000000080000000, 0x0000000100000000)
  region size 1024K, 140 young (143360K), 10 survivors (10240K)
 Metaspace       used 95842K, capacity 98076K, committed 98764K, reserved 1134592K
  class space    used 12182K, capacity 12999K, committed 13260K, reserved 1048576K
}
Event: 28.978 GC heap after
{Heap after GC invocations=44 (full 0):
 garbage-first heap   total 391168K, used 148874K [0x0000000080000000, 0x0000000100000000)
  region size 1024K, 11 young (11264K), 11 survivors (11264K)
 Metaspace       used 95842K, capacity 98076K, committed 98764K, reserved 1134592K
  class space    used 12182K, capacity 12999K, committed 13260K, reserved 1048576K
}
Event: 29.477 GC heap before
{Heap before GC invocations=44 (full 0):
 garbage-first heap   total 391168K, used 315786K [0x0000000080000000, 0x0000000100000000)
  region size 1024K, 174 young (178176K), 11 survivors (11264K)
 Metaspace       used 95851K, capacity 98076K, committed 98764K, reserved 1134592K
  class space    used 12182K, capacity 12999K, committed 13260K, reserved 1048576K
}
Event: 29.491 GC heap after
{Heap after GC invocations=45 (full 0):
 garbage-first heap   total 391168K, used 151334K [0x0000000080000000, 0x0000000100000000)
  region size 1024K, 13 young (13312K), 13 survivors (13312K)
 Metaspace       used 95851K, capacity 98076K, committed 98764K, reserved 1134592K
  class space    used 12182K, capacity 12999K, committed 13260K, reserved 1048576K
}
Event: 30.028 GC heap before
{Heap before GC invocations=45 (full 0):
 garbage-first heap   total 391168K, used 332582K [0x0000000080000000, 0x0000000100000000)
  region size 1024K, 190 young (194560K), 13 survivors (13312K)
 Metaspace       used 95864K, capacity 98140K, committed 99020K, reserved 1134592K
  class space    used 12182K, capacity 12999K, committed 13260K, reserved 1048576K
}
Event: 30.043 GC heap after
{Heap after GC invocations=46 (full 0):
 garbage-first heap   total 391168K, used 153532K [0x0000000080000000, 0x0000000100000000)
  region size 1024K, 15 young (15360K), 15 survivors (15360K)
 Metaspace       used 95864K, capacity 98140K, committed 99020K, reserved 1134592K
  class space    used 12182K, capacity 12999K, committed 13260K, reserved 1048576K
}
Event: 30.485 GC heap before
{Heap before GC invocations=46 (full 0):
 garbage-first heap   total 391168K, used 334780K [0x0000000080000000, 0x0000000100000000)
  region size 1024K, 192 young (196608K), 15 survivors (15360K)
 Metaspace       used 95868K, capacity 98140K, committed 99020K, reserved 1134592K
  class space    used 12182K, capacity 12999K, committed 13260K, reserved 1048576K
}
Event: 30.501 GC heap after
{Heap after GC invocations=47 (full 0):
 garbage-first heap   total 391168K, used 155885K [0x0000000080000000, 0x0000000100000000)
  region size 1024K, 14 young (14336K), 14 survivors (14336K)
 Metaspace       used 95868K, capacity 98140K, committed 99020K, reserved 1134592K
  class space    used 12182K, capacity 12999K, committed 13260K, reserved 1048576K
}
Event: 31.157 GC heap before
{Heap before GC invocations=47 (full 0):
 garbage-first heap   total 391168K, used 336109K [0x0000000080000000, 0x0000000100000000)
  region size 1024K, 190 young (194560K), 14 survivors (14336K)
 Metaspace       used 97089K, capacity 99405K, committed 99916K, reserved 1136640K
  class space    used 12330K, capacity 13176K, committed 13388K, reserved 1048576K
}
Event: 31.179 GC heap after
{Heap after GC invocations=48 (full 0):
 garbage-first heap   total 459776K, used 162031K [0x0000000080000000, 0x0000000100000000)
  region size 1024K, 18 young (18432K), 18 survivors (18432K)
 Metaspace       used 97089K, capacity 99405K, committed 99916K, reserved 1136640K
  class space    used 12330K, capacity 13176K, committed 13388K, reserved 1048576K
}

