# JRE version: OpenJDK Runtime Environment (11.0.8+10) (build 11.0.8+10-b944.6842174)
# Java VM: OpenJDK 64-Bit Server VM (11.0.8+10-b944.6842174, mixed mode, tiered, compressed oops, g1 gc, windows-amd64)
Heap:
 garbage-first heap   total 783360K, used 357877K [0x0000000080000000, 0x0000000100000000)
  region size 1024K, 5 young (5120K), 5 survivors (5120K)
 Metaspace       used 86711K, capacity 88745K, committed 89472K, reserved 1126400K
  class space    used 11361K, capacity 12130K, committed 12416K, reserved 1048576K
GC Heap History (20 events):
Event: 19.064 GC heap after
{Heap after GC invocations=20 (full 0):
 garbage-first heap   total 260096K, used 168604K [0x0000000080000000, 0x0000000100000000)
  region size 1024K, 10 young (10240K), 10 survivors (10240K)
 Metaspace       used 84659K, capacity 86624K, committed 87552K, reserved 1124352K
  class space    used 10980K, capacity 11720K, committed 12032K, reserved 1048576K
}
Event: 19.362 GC heap before
{Heap before GC invocations=21 (full 0):
 garbage-first heap   total 260096K, used 206492K [0x0000000080000000, 0x0000000100000000)
  region size 1024K, 46 young (47104K), 10 survivors (10240K)
 Metaspace       used 84659K, capacity 86624K, committed 87552K, reserved 1124352K
  class space    used 10980K, capacity 11720K, committed 12032K, reserved 1048576K
}
Event: 19.390 GC heap after
{Heap after GC invocations=22 (full 0):
 garbage-first heap   total 260096K, used 184274K [0x0000000080000000, 0x0000000100000000)
  region size 1024K, 6 young (6144K), 6 survivors (6144K)
 Metaspace       used 84659K, capacity 86624K, committed 87552K, reserved 1124352K
  class space    used 10980K, capacity 11720K, committed 12032K, reserved 1048576K
}
Event: 19.402 GC heap before
{Heap before GC invocations=22 (full 0):
 garbage-first heap   total 260096K, used 185298K [0x0000000080000000, 0x0000000100000000)
  region size 1024K, 8 young (8192K), 6 survivors (6144K)
 Metaspace       used 84659K, capacity 86624K, committed 87552K, reserved 1124352K
  class space    used 10980K, capacity 11720K, committed 12032K, reserved 1048576K
}
Event: 19.418 GC heap after
{Heap after GC invocations=23 (full 0):
 garbage-first heap   total 312320K, used 186555K [0x0000000080000000, 0x0000000100000000)
  region size 1024K, 2 young (2048K), 2 survivors (2048K)
 Metaspace       used 84659K, capacity 86624K, committed 87552K, reserved 1124352K
  class space    used 10980K, capacity 11720K, committed 12032K, reserved 1048576K
}
Event: 19.732 GC heap before
{Heap before GC invocations=24 (full 0):
 garbage-first heap   total 312320K, used 229563K [0x0000000080000000, 0x0000000100000000)
  region size 1024K, 39 young (39936K), 2 survivors (2048K)
 Metaspace       used 84659K, capacity 86624K, committed 87552K, reserved 1124352K
  class space    used 10980K, capacity 11720K, committed 12032K, reserved 1048576K
}
Event: 19.762 GC heap after
{Heap after GC invocations=25 (full 0):
 garbage-first heap   total 312320K, used 208027K [0x0000000080000000, 0x0000000100000000)
  region size 1024K, 5 young (5120K), 5 survivors (5120K)
 Metaspace       used 84659K, capacity 86624K, committed 87552K, reserved 1124352K
  class space    used 10980K, capacity 11720K, committed 12032K, reserved 1048576K
}
Event: 20.021 GC heap before
{Heap before GC invocations=25 (full 0):
 garbage-first heap   total 312320K, used 237723K [0x0000000080000000, 0x0000000100000000)
  region size 1024K, 35 young (35840K), 5 survivors (5120K)
 Metaspace       used 86646K, capacity 88741K, committed 89472K, reserved 1126400K
  class space    used 11360K, capacity 12130K, committed 12416K, reserved 1048576K
}
Event: 20.051 GC heap after
{Heap after GC invocations=26 (full 0):
 garbage-first heap   total 312320K, used 221391K [0x0000000080000000, 0x0000000100000000)
  region size 1024K, 5 young (5120K), 5 survivors (5120K)
 Metaspace       used 86646K, capacity 88741K, committed 89472K, reserved 1126400K
  class space    used 11360K, capacity 12130K, committed 12416K, reserved 1048576K
}
Event: 20.178 GC heap before
{Heap before GC invocations=26 (full 0):
 garbage-first heap   total 312320K, used 246991K [0x0000000080000000, 0x0000000100000000)
  region size 1024K, 30 young (30720K), 5 survivors (5120K)
 Metaspace       used 86689K, capacity 88742K, committed 89472K, reserved 1126400K
  class space    used 11361K, capacity 12130K, committed 12416K, reserved 1048576K
}
Event: 20.204 GC heap after
{Heap after GC invocations=27 (full 0):
 garbage-first heap   total 312320K, used 236441K [0x0000000080000000, 0x0000000100000000)
  region size 1024K, 4 young (4096K), 4 survivors (4096K)
 Metaspace       used 86689K, capacity 88742K, committed 89472K, reserved 1126400K
  class space    used 11361K, capacity 12130K, committed 12416K, reserved 1048576K
}
Event: 20.291 GC heap before
{Heap before GC invocations=27 (full 0):
 garbage-first heap   total 312320K, used 255897K [0x0000000080000000, 0x0000000100000000)
  region size 1024K, 23 young (23552K), 4 survivors (4096K)
 Metaspace       used 86703K, capacity 88744K, committed 89472K, reserved 1126400K
  class space    used 11361K, capacity 12130K, committed 12416K, reserved 1048576K
}
Event: 20.314 GC heap after
{Heap after GC invocations=28 (full 0):
 garbage-first heap   total 454656K, used 248648K [0x0000000080000000, 0x0000000100000000)
  region size 1024K, 3 young (3072K), 3 survivors (3072K)
 Metaspace       used 86703K, capacity 88744K, committed 89472K, reserved 1126400K
  class space    used 11361K, capacity 12130K, committed 12416K, reserved 1048576K
}
Event: 20.564 GC heap before
{Heap before GC invocations=29 (full 0):
 garbage-first heap   total 454656K, used 308040K [0x0000000080000000, 0x0000000100000000)
  region size 1024K, 64 young (65536K), 3 survivors (3072K)
 Metaspace       used 86708K, capacity 88745K, committed 89472K, reserved 1126400K
  class space    used 11361K, capacity 12130K, committed 12416K, reserved 1048576K
}
Event: 20.599 GC heap after
{Heap after GC invocations=30 (full 0):
 garbage-first heap   total 454656K, used 282624K [0x0000000080000000, 0x0000000100000000)
  region size 1024K, 8 young (8192K), 8 survivors (8192K)
 Metaspace       used 86708K, capacity 88745K, committed 89472K, reserved 1126400K
  class space    used 11361K, capacity 12130K, committed 12416K, reserved 1048576K
}
Event: 20.750 GC heap before
{Heap before GC invocations=30 (full 0):
 garbage-first heap   total 454656K, used 333824K [0x0000000080000000, 0x0000000100000000)
  region size 1024K, 58 young (59392K), 8 survivors (8192K)
 Metaspace       used 86710K, capacity 88745K, committed 89472K, reserved 1126400K
  class space    used 11361K, capacity 12130K, committed 12416K, reserved 1048576K
}
Event: 20.787 GC heap after
{Heap after GC invocations=31 (full 0):
 garbage-first heap   total 454656K, used 313315K [0x0000000080000000, 0x0000000100000000)
  region size 1024K, 8 young (8192K), 8 survivors (8192K)
 Metaspace       used 86710K, capacity 88745K, committed 89472K, reserved 1126400K
  class space    used 11361K, capacity 12130K, committed 12416K, reserved 1048576K
}
Event: 20.957 GC heap before
{Heap before GC invocations=31 (full 0):
 garbage-first heap   total 454656K, used 352227K [0x0000000080000000, 0x0000000100000000)
  region size 1024K, 47 young (48128K), 8 survivors (8192K)
 Metaspace       used 86711K, capacity 88745K, committed 89472K, reserved 1126400K
  class space    used 11361K, capacity 12130K, committed 12416K, reserved 1048576K
}
Event: 20.989 GC heap after
{Heap after GC invocations=32 (full 0):
 garbage-first heap   total 454656K, used 338944K [0x0000000080000000, 0x0000000100000000)
  region size 1024K, 6 young (6144K), 6 survivors (6144K)
 Metaspace       used 86711K, capacity 88745K, committed 89472K, reserved 1126400K
  class space    used 11361K, capacity 12130K, committed 12416K, reserved 1048576K
}
Event: 21.197 GC heap before
{Heap before GC invocations=32 (full 0):
 garbage-first heap   total 454656K, used 367616K [0x0000000080000000, 0x0000000100000000)
  region size 1024K, 35 young (35840K), 6 survivors (6144K)
 Metaspace       used 86711K, capacity 88745K, committed 89472K, reserved 1126400K
  class space    used 11361K, capacity 12130K, committed 12416K, reserved 1048576K
}

