# JRE version: OpenJDK Runtime Environment (11.0.8+10) (build 11.0.8+10-b944.6842174)
# Java VM: OpenJDK 64-Bit Server VM (11.0.8+10-b944.6842174, mixed mode, tiered, compressed oops, g1 gc, windows-amd64)
Heap:
 garbage-first heap   total 260096K, used 130107K [0x0000000080000000, 0x0000000100000000)
  region size 1024K, 111 young (113664K), 11 survivors (11264K)
 Metaspace       used 53938K, capacity 55255K, committed 55296K, reserved 1097728K
  class space    used 6893K, capacity 7384K, committed 7424K, reserved 1048576K
GC Heap History (10 events):
Event: 1.264 GC heap before
{Heap before GC invocations=0 (full 0):
 garbage-first heap   total 260096K, used 29696K [0x0000000080000000, 0x0000000100000000)
  region size 1024K, 24 young (24576K), 0 survivors (0K)
 Metaspace       used 10394K, capacity 10640K, committed 11008K, reserved 1058816K
  class space    used 1098K, capacity 1164K, committed 1280K, reserved 1048576K
}
Event: 1.270 GC heap after
{Heap after GC invocations=1 (full 0):
 garbage-first heap   total 260096K, used 8842K [0x0000000080000000, 0x0000000100000000)
  region size 1024K, 3 young (3072K), 3 survivors (3072K)
 Metaspace       used 10394K, capacity 10640K, committed 11008K, reserved 1058816K
  class space    used 1098K, capacity 1164K, committed 1280K, reserved 1048576K
}
Event: 4.837 GC heap before
{Heap before GC invocations=1 (full 0):
 garbage-first heap   total 260096K, used 92810K [0x0000000080000000, 0x0000000100000000)
  region size 1024K, 87 young (89088K), 3 survivors (3072K)
 Metaspace       used 20599K, capacity 21105K, committed 21248K, reserved 1067008K
  class space    used 2531K, capacity 2710K, committed 2816K, reserved 1048576K
}
Event: 4.849 GC heap after
{Heap after GC invocations=2 (full 0):
 garbage-first heap   total 260096K, used 16043K [0x0000000080000000, 0x0000000100000000)
  region size 1024K, 11 young (11264K), 11 survivors (11264K)
 Metaspace       used 20599K, capacity 21105K, committed 21248K, reserved 1067008K
  class space    used 2531K, capacity 2710K, committed 2816K, reserved 1048576K
}
Event: 5.098 GC heap before
{Heap before GC invocations=3 (full 0):
 garbage-first heap   total 260096K, used 32427K [0x0000000080000000, 0x0000000100000000)
  region size 1024K, 27 young (27648K), 11 survivors (11264K)
 Metaspace       used 21979K, capacity 22564K, committed 22784K, reserved 1069056K
  class space    used 2804K, capacity 3006K, committed 3072K, reserved 1048576K
}
Event: 5.105 GC heap after
{Heap after GC invocations=4 (full 0):
 garbage-first heap   total 260096K, used 16541K [0x0000000080000000, 0x0000000100000000)
  region size 1024K, 1 young (1024K), 1 survivors (1024K)
 Metaspace       used 21979K, capacity 22564K, committed 22784K, reserved 1069056K
  class space    used 2804K, capacity 3006K, committed 3072K, reserved 1048576K
}
Event: 6.813 GC heap before
{Heap before GC invocations=4 (full 0):
 garbage-first heap   total 260096K, used 98461K [0x0000000080000000, 0x0000000100000000)
  region size 1024K, 82 young (83968K), 1 survivors (1024K)
 Metaspace       used 35094K, capacity 35769K, committed 35840K, reserved 1081344K
  class space    used 4566K, capacity 4856K, committed 4864K, reserved 1048576K
}
Event: 6.823 GC heap after
{Heap after GC invocations=5 (full 0):
 garbage-first heap   total 260096K, used 20940K [0x0000000080000000, 0x0000000100000000)
  region size 1024K, 6 young (6144K), 6 survivors (6144K)
 Metaspace       used 35094K, capacity 35769K, committed 35840K, reserved 1081344K
  class space    used 4566K, capacity 4856K, committed 4864K, reserved 1048576K
}
Event: 8.810 GC heap before
{Heap before GC invocations=6 (full 0):
 garbage-first heap   total 260096K, used 136652K [0x0000000080000000, 0x0000000100000000)
  region size 1024K, 116 young (118784K), 6 survivors (6144K)
 Metaspace       used 44115K, capacity 45203K, committed 45312K, reserved 1089536K
  class space    used 5672K, capacity 6037K, committed 6144K, reserved 1048576K
}
Event: 8.822 GC heap after
{Heap after GC invocations=7 (full 0):
 garbage-first heap   total 260096K, used 26683K [0x0000000080000000, 0x0000000100000000)
  region size 1024K, 11 young (11264K), 11 survivors (11264K)
 Metaspace       used 44115K, capacity 45203K, committed 45312K, reserved 1089536K
  class space    used 5672K, capacity 6037K, committed 6144K, reserved 1048576K
}

