# JRE version: OpenJDK Runtime Environment (11.0.8+10) (build 11.0.8+10-b944.6842174)
# Java VM: OpenJDK 64-Bit Server VM (11.0.8+10-b944.6842174, mixed mode, tiered, compressed oops, g1 gc, windows-amd64)
Heap:
 garbage-first heap   total 260096K, used 95188K [0x0000000080000000, 0x0000000100000000)
  region size 1024K, 71 young (72704K), 19 survivors (19456K)
 Metaspace       used 60782K, capacity 62283K, committed 62336K, reserved 1103872K
  class space    used 7746K, capacity 8303K, committed 8320K, reserved 1048576K
GC Heap History (12 events):
Event: 1.178 GC heap before
{Heap before GC invocations=0 (full 0):
 garbage-first heap   total 260096K, used 29696K [0x0000000080000000, 0x0000000100000000)
  region size 1024K, 24 young (24576K), 0 survivors (0K)
 Metaspace       used 10389K, capacity 10644K, committed 11008K, reserved 1058816K
  class space    used 1098K, capacity 1164K, committed 1280K, reserved 1048576K
}
Event: 1.185 GC heap after
{Heap after GC invocations=1 (full 0):
 garbage-first heap   total 260096K, used 8458K [0x0000000080000000, 0x0000000100000000)
  region size 1024K, 3 young (3072K), 3 survivors (3072K)
 Metaspace       used 10389K, capacity 10644K, committed 11008K, reserved 1058816K
  class space    used 1098K, capacity 1164K, committed 1280K, reserved 1048576K
}
Event: 4.832 GC heap before
{Heap before GC invocations=1 (full 0):
 garbage-first heap   total 260096K, used 92426K [0x0000000080000000, 0x0000000100000000)
  region size 1024K, 87 young (89088K), 3 survivors (3072K)
 Metaspace       used 20679K, capacity 21109K, committed 21248K, reserved 1067008K
  class space    used 2544K, capacity 2710K, committed 2816K, reserved 1048576K
}
Event: 4.844 GC heap after
{Heap after GC invocations=2 (full 0):
 garbage-first heap   total 260096K, used 15832K [0x0000000080000000, 0x0000000100000000)
  region size 1024K, 11 young (11264K), 11 survivors (11264K)
 Metaspace       used 20679K, capacity 21109K, committed 21248K, reserved 1067008K
  class space    used 2544K, capacity 2710K, committed 2816K, reserved 1048576K
}
Event: 5.820 GC heap before
{Heap before GC invocations=3 (full 0):
 garbage-first heap   total 260096K, used 60888K [0x0000000080000000, 0x0000000100000000)
  region size 1024K, 56 young (57344K), 11 survivors (11264K)
 Metaspace       used 25865K, capacity 26451K, committed 26752K, reserved 1073152K
  class space    used 3380K, capacity 3600K, committed 3712K, reserved 1048576K
}
Event: 5.829 GC heap after
{Heap after GC invocations=4 (full 0):
 garbage-first heap   total 260096K, used 17718K [0x0000000080000000, 0x0000000100000000)
  region size 1024K, 3 young (3072K), 3 survivors (3072K)
 Metaspace       used 25865K, capacity 26451K, committed 26752K, reserved 1073152K
  class space    used 3380K, capacity 3600K, committed 3712K, reserved 1048576K
}
Event: 7.066 GC heap before
{Heap before GC invocations=4 (full 0):
 garbage-first heap   total 260096K, used 69942K [0x0000000080000000, 0x0000000100000000)
  region size 1024K, 55 young (56320K), 3 survivors (3072K)
 Metaspace       used 35085K, capacity 35773K, committed 35840K, reserved 1081344K
  class space    used 4571K, capacity 4856K, committed 4864K, reserved 1048576K
}
Event: 7.077 GC heap after
{Heap after GC invocations=5 (full 0):
 garbage-first heap   total 260096K, used 21003K [0x0000000080000000, 0x0000000100000000)
  region size 1024K, 6 young (6144K), 6 survivors (6144K)
 Metaspace       used 35085K, capacity 35773K, committed 35840K, reserved 1081344K
  class space    used 4571K, capacity 4856K, committed 4864K, reserved 1048576K
}
Event: 9.384 GC heap before
{Heap before GC invocations=6 (full 0):
 garbage-first heap   total 260096K, used 139787K [0x0000000080000000, 0x0000000100000000)
  region size 1024K, 119 young (121856K), 6 survivors (6144K)
 Metaspace       used 44133K, capacity 45224K, committed 45312K, reserved 1089536K
  class space    used 5673K, capacity 6064K, committed 6144K, reserved 1048576K
}
Event: 9.396 GC heap after
{Heap after GC invocations=7 (full 0):
 garbage-first heap   total 260096K, used 26788K [0x0000000080000000, 0x0000000100000000)
  region size 1024K, 11 young (11264K), 11 survivors (11264K)
 Metaspace       used 44133K, capacity 45224K, committed 45312K, reserved 1089536K
  class space    used 5673K, capacity 6064K, committed 6144K, reserved 1048576K
}
Event: 12.480 GC heap before
{Heap before GC invocations=7 (full 0):
 garbage-first heap   total 260096K, used 171172K [0x0000000080000000, 0x0000000100000000)
  region size 1024K, 150 young (153600K), 11 survivors (11264K)
 Metaspace       used 58658K, capacity 60062K, committed 60160K, reserved 1101824K
  class space    used 7441K, capacity 7993K, committed 8064K, reserved 1048576K
}
Event: 12.528 GC heap after
{Heap after GC invocations=8 (full 0):
 garbage-first heap   total 260096K, used 42964K [0x0000000080000000, 0x0000000100000000)
  region size 1024K, 19 young (19456K), 19 survivors (19456K)
 Metaspace       used 58658K, capacity 60062K, committed 60160K, reserved 1101824K
  class space    used 7441K, capacity 7993K, committed 8064K, reserved 1048576K
}

