# JRE version: OpenJDK Runtime Environment (11.0.8+10) (build 11.0.8+10-b944.6842174)
# Java VM: OpenJDK 64-Bit Server VM (11.0.8+10-b944.6842174, mixed mode, tiered, compressed oops, g1 gc, windows-amd64)
Heap:
 garbage-first heap   total 333824K, used 225094K [0x0000000080000000, 0x0000000100000000)
  region size 1024K, 2 young (2048K), 2 survivors (2048K)
 Metaspace       used 92453K, capacity 94630K, committed 95232K, reserved 1132544K
  class space    used 12082K, capacity 12857K, committed 13056K, reserved 1048576K
GC Heap History (20 events):
Event: 22.899 GC heap after
{Heap after GC invocations=17 (full 0):
 garbage-first heap   total 260096K, used 84603K [0x0000000080000000, 0x0000000100000000)
  region size 1024K, 9 young (9216K), 9 survivors (9216K)
 Metaspace       used 87231K, capacity 89501K, committed 89856K, reserved 1126400K
  class space    used 11349K, capacity 12176K, committed 12288K, reserved 1048576K
}
Event: 23.807 GC heap before
{Heap before GC invocations=17 (full 0):
 garbage-first heap   total 260096K, used 221819K [0x0000000080000000, 0x0000000100000000)
  region size 1024K, 106 young (108544K), 9 survivors (9216K)
 Metaspace       used 90506K, capacity 92826K, committed 93056K, reserved 1130496K
  class space    used 11780K, capacity 12619K, committed 12672K, reserved 1048576K
}
Event: 23.823 GC heap after
{Heap after GC invocations=18 (full 0):
 garbage-first heap   total 260096K, used 135091K [0x0000000080000000, 0x0000000100000000)
  region size 1024K, 15 young (15360K), 15 survivors (15360K)
 Metaspace       used 90506K, capacity 92826K, committed 93056K, reserved 1130496K
  class space    used 11780K, capacity 12619K, committed 12672K, reserved 1048576K
}
Event: 24.206 GC heap before
{Heap before GC invocations=19 (full 0):
 garbage-first heap   total 260096K, used 210867K [0x0000000080000000, 0x0000000100000000)
  region size 1024K, 61 young (62464K), 15 survivors (15360K)
 Metaspace       used 90503K, capacity 92574K, committed 93440K, reserved 1130496K
  class space    used 11715K, capacity 12470K, committed 12800K, reserved 1048576K
}
Event: 24.277 GC heap after
{Heap after GC invocations=20 (full 0):
 garbage-first heap   total 260096K, used 171880K [0x0000000080000000, 0x0000000100000000)
  region size 1024K, 11 young (11264K), 11 survivors (11264K)
 Metaspace       used 90503K, capacity 92574K, committed 93440K, reserved 1130496K
  class space    used 11715K, capacity 12470K, committed 12800K, reserved 1048576K
}
Event: 24.558 GC heap before
{Heap before GC invocations=21 (full 0):
 garbage-first heap   total 260096K, used 207720K [0x0000000080000000, 0x0000000100000000)
  region size 1024K, 45 young (46080K), 11 survivors (11264K)
 Metaspace       used 90503K, capacity 92574K, committed 93440K, reserved 1130496K
  class space    used 11715K, capacity 12470K, committed 12800K, reserved 1048576K
}
Event: 24.583 GC heap after
{Heap after GC invocations=22 (full 0):
 garbage-first heap   total 260096K, used 186579K [0x0000000080000000, 0x0000000100000000)
  region size 1024K, 6 young (6144K), 6 survivors (6144K)
 Metaspace       used 90503K, capacity 92574K, committed 93440K, reserved 1130496K
  class space    used 11715K, capacity 12470K, committed 12800K, reserved 1048576K
}
Event: 24.610 GC heap before
{Heap before GC invocations=22 (full 0):
 garbage-first heap   total 260096K, used 189651K [0x0000000080000000, 0x0000000100000000)
  region size 1024K, 10 young (10240K), 6 survivors (6144K)
 Metaspace       used 90503K, capacity 92574K, committed 93440K, reserved 1130496K
  class space    used 11715K, capacity 12470K, committed 12800K, reserved 1048576K
}
Event: 24.623 GC heap after
{Heap after GC invocations=23 (full 0):
 garbage-first heap   total 260096K, used 189466K [0x0000000080000000, 0x0000000100000000)
  region size 1024K, 2 young (2048K), 2 survivors (2048K)
 Metaspace       used 90503K, capacity 92574K, committed 93440K, reserved 1130496K
  class space    used 11715K, capacity 12470K, committed 12800K, reserved 1048576K
}
Event: 24.763 GC heap before
{Heap before GC invocations=23 (full 0):
 garbage-first heap   total 260096K, used 209946K [0x0000000080000000, 0x0000000100000000)
  region size 1024K, 19 young (19456K), 2 survivors (2048K)
 Metaspace       used 90503K, capacity 92574K, committed 93440K, reserved 1130496K
  class space    used 11715K, capacity 12470K, committed 12800K, reserved 1048576K
}
Event: 24.779 GC heap after
{Heap after GC invocations=24 (full 0):
 garbage-first heap   total 260096K, used 201933K [0x0000000080000000, 0x0000000100000000)
  region size 1024K, 3 young (3072K), 3 survivors (3072K)
 Metaspace       used 90503K, capacity 92574K, committed 93440K, reserved 1130496K
  class space    used 11715K, capacity 12470K, committed 12800K, reserved 1048576K
}
Event: 24.876 GC heap before
{Heap before GC invocations=24 (full 0):
 garbage-first heap   total 260096K, used 216269K [0x0000000080000000, 0x0000000100000000)
  region size 1024K, 16 young (16384K), 3 survivors (3072K)
 Metaspace       used 90503K, capacity 92574K, committed 93440K, reserved 1130496K
  class space    used 11715K, capacity 12470K, committed 12800K, reserved 1048576K
}
Event: 24.897 GC heap after
{Heap after GC invocations=25 (full 0):
 garbage-first heap   total 260096K, used 209143K [0x0000000080000000, 0x0000000100000000)
  region size 1024K, 2 young (2048K), 2 survivors (2048K)
 Metaspace       used 90503K, capacity 92574K, committed 93440K, reserved 1130496K
  class space    used 11715K, capacity 12470K, committed 12800K, reserved 1048576K
}
Event: 24.973 GC heap before
{Heap before GC invocations=26 (full 0):
 garbage-first heap   total 260096K, used 219383K [0x0000000080000000, 0x0000000100000000)
  region size 1024K, 12 young (12288K), 2 survivors (2048K)
 Metaspace       used 90503K, capacity 92574K, committed 93440K, reserved 1130496K
  class space    used 11715K, capacity 12470K, committed 12800K, reserved 1048576K
}
Event: 24.988 GC heap after
{Heap after GC invocations=27 (full 0):
 garbage-first heap   total 260096K, used 213627K [0x0000000080000000, 0x0000000100000000)
  region size 1024K, 2 young (2048K), 2 survivors (2048K)
 Metaspace       used 90503K, capacity 92574K, committed 93440K, reserved 1130496K
  class space    used 11715K, capacity 12470K, committed 12800K, reserved 1048576K
}
Event: 25.065 GC heap before
{Heap before GC invocations=27 (full 0):
 garbage-first heap   total 260096K, used 222843K [0x0000000080000000, 0x0000000100000000)
  region size 1024K, 12 young (12288K), 2 survivors (2048K)
 Metaspace       used 90795K, capacity 92905K, committed 93696K, reserved 1130496K
  class space    used 11757K, capacity 12517K, committed 12800K, reserved 1048576K
}
Event: 25.079 GC heap after
{Heap after GC invocations=28 (full 0):
 garbage-first heap   total 260096K, used 217754K [0x0000000080000000, 0x0000000100000000)
  region size 1024K, 2 young (2048K), 2 survivors (2048K)
 Metaspace       used 90795K, capacity 92905K, committed 93696K, reserved 1130496K
  class space    used 11757K, capacity 12517K, committed 12800K, reserved 1048576K
}
Event: 25.255 GC heap before
{Heap before GC invocations=28 (full 0):
 garbage-first heap   total 260096K, used 227994K [0x0000000080000000, 0x0000000100000000)
  region size 1024K, 12 young (12288K), 2 survivors (2048K)
 Metaspace       used 92382K, capacity 94557K, committed 95232K, reserved 1132544K
  class space    used 12082K, capacity 12857K, committed 13056K, reserved 1048576K
}
Event: 25.265 GC heap after
{Heap after GC invocations=29 (full 0):
 garbage-first heap   total 260096K, used 221335K [0x0000000080000000, 0x0000000100000000)
  region size 1024K, 2 young (2048K), 2 survivors (2048K)
 Metaspace       used 92382K, capacity 94557K, committed 95232K, reserved 1132544K
  class space    used 12082K, capacity 12857K, committed 13056K, reserved 1048576K
}
Event: 25.375 GC heap before
{Heap before GC invocations=29 (full 0):
 garbage-first heap   total 260096K, used 229527K [0x0000000080000000, 0x0000000100000000)
  region size 1024K, 12 young (12288K), 2 survivors (2048K)
 Metaspace       used 92453K, capacity 94630K, committed 95232K, reserved 1132544K
  class space    used 12082K, capacity 12857K, committed 13056K, reserved 1048576K
}

